{"C:\\Users\\trevo\\Desktop\\agency\\packages\\core\\src\\constants.ts": {"path":"C:\\Users\\trevo\\Desktop\\agency\\packages\\core\\src\\constants.ts","statementMap":{"0":{"start":{"line":3,"column":24},"end":{"line":3,"column":null}},"1":{"start":{"line":4,"column":27},"end":{"line":4,"column":null}}},"fnMap":{},"branchMap":{},"s":{"0":1,"1":1},"f":{},"b":{},"meta":{"lastBranch":0,"lastFunction":0,"lastStatement":2,"seen":{"s:3:24:3:Infinity":0,"s:4:27:4:Infinity":1}}}
,"C:\\Users\\trevo\\Desktop\\agency\\packages\\core\\src\\types.ts": {"path":"C:\\Users\\trevo\\Desktop\\agency\\packages\\core\\src\\types.ts","statementMap":{},"fnMap":{},"branchMap":{},"s":{},"f":{},"b":{},"meta":{"lastBranch":0,"lastFunction":0,"lastStatement":0,"seen":{}}}
,"C:\\Users\\trevo\\Desktop\\agency\\packages\\core\\src\\integration\\integration-test-helpers.ts": {"path":"C:\\Users\\trevo\\Desktop\\agency\\packages\\core\\src\\integration\\integration-test-helpers.ts","statementMap":{"0":{"start":{"line":30,"column":2},"end":{"line":39,"column":null}},"1":{"start":{"line":33,"column":4},"end":{"line":33,"column":null}},"2":{"start":{"line":37,"column":4},"end":{"line":37,"column":null}},"3":{"start":{"line":46,"column":2},"end":{"line":46,"column":null}},"4":{"start":{"line":47,"column":2},"end":{"line":47,"column":null}},"5":{"start":{"line":55,"column":2},"end":{"line":55,"column":null}},"6":{"start":{"line":56,"column":2},"end":{"line":56,"column":null}}},"fnMap":{"0":{"name":"(anonymous_0)","decl":{"start":{"line":11,"column":14},"end":{"line":11,"column":49}},"loc":{"start":{"line":11,"column":49},"end":{"line":16,"column":null}},"line":11},"1":{"name":"(anonymous_1)","decl":{"start":{"line":21,"column":14},"end":{"line":21,"column":51}},"loc":{"start":{"line":21,"column":51},"end":{"line":23,"column":null}},"line":21},"2":{"name":"(anonymous_2)","decl":{"start":{"line":28,"column":8},"end":{"line":28,"column":27}},"loc":{"start":{"line":28,"column":27},"end":{"line":40,"column":null}},"line":28},"3":{"name":"(anonymous_3)","decl":{"start":{"line":31,"column":8},"end":{"line":31,"column":15}},"loc":{"start":{"line":31,"column":31},"end":{"line":34,"column":null}},"line":31},"4":{"name":"(anonymous_4)","decl":{"start":{"line":35,"column":9},"end":{"line":35,"column":16}},"loc":{"start":{"line":35,"column":47},"end":{"line":38,"column":null}},"line":35},"5":{"name":"(anonymous_5)","decl":{"start":{"line":45,"column":8},"end":{"line":45,"column":29}},"loc":{"start":{"line":45,"column":29},"end":{"line":49,"column":null}},"line":45},"6":{"name":"(anonymous_6)","decl":{"start":{"line":54,"column":8},"end":{"line":54,"column":31}},"loc":{"start":{"line":54,"column":31},"end":{"line":58,"column":null}},"line":54}},"branchMap":{},"s":{"0":0,"1":0,"2":0,"3":1,"4":1,"5":1,"6":1},"f":{"0":1,"1":1,"2":1,"3":0,"4":0,"5":1,"6":1},"b":{},"meta":{"lastBranch":0,"lastFunction":7,"lastStatement":7,"seen":{"f:11:14:11:49":0,"f:21:14:21:51":1,"f:28:8:28:27":2,"s:30:2:39:Infinity":0,"f:31:8:31:15":3,"s:33:4:33:Infinity":1,"f:35:9:35:16":4,"s:37:4:37:Infinity":2,"f:45:8:45:29":5,"s:46:2:46:Infinity":3,"s:47:2:47:Infinity":4,"f:54:8:54:31":6,"s:55:2:55:Infinity":5,"s:56:2:56:Infinity":6}}}
,"C:\\Users\\trevo\\Desktop\\agency\\packages\\core\\src\\test-factories\\user-factory.ts": {"path":"C:\\Users\\trevo\\Desktop\\agency\\packages\\core\\src\\test-factories\\user-factory.ts","statementMap":{"0":{"start":{"line":3,"column":25},"end":{"line":9,"column":null}},"1":{"start":{"line":3,"column":67},"end":{"line":9,"column":null}},"2":{"start":{"line":11,"column":30},"end":{"line":15,"column":null}},"3":{"start":{"line":12,"column":1},"end":{"line":15,"column":null}},"4":{"start":{"line":17,"column":30},"end":{"line":21,"column":null}},"5":{"start":{"line":18,"column":1},"end":{"line":21,"column":null}}},"fnMap":{"0":{"name":"(anonymous_0)","decl":{"start":{"line":3,"column":25},"end":{"line":3,"column":26}},"loc":{"start":{"line":3,"column":67},"end":{"line":9,"column":null}},"line":3},"1":{"name":"(anonymous_1)","decl":{"start":{"line":11,"column":30},"end":{"line":11,"column":31}},"loc":{"start":{"line":12,"column":1},"end":{"line":15,"column":null}},"line":12},"2":{"name":"(anonymous_2)","decl":{"start":{"line":17,"column":30},"end":{"line":17,"column":31}},"loc":{"start":{"line":18,"column":1},"end":{"line":21,"column":null}},"line":18}},"branchMap":{"0":{"loc":{"start":{"line":3,"column":26},"end":{"line":3,"column":67}},"type":"default-arg","locations":[{"start":{"line":3,"column":53},"end":{"line":3,"column":67}}],"line":3},"1":{"loc":{"start":{"line":11,"column":31},"end":{"line":11,"column":null}},"type":"default-arg","locations":[{"start":{"line":11,"column":58},"end":{"line":11,"column":null}}],"line":11},"2":{"loc":{"start":{"line":17,"column":31},"end":{"line":17,"column":null}},"type":"default-arg","locations":[{"start":{"line":17,"column":58},"end":{"line":17,"column":null}}],"line":17}},"s":{"0":1,"1":2,"2":1,"3":1,"4":1,"5":0},"f":{"0":2,"1":1,"2":0},"b":{"0":[2],"1":[1],"2":[0]},"meta":{"lastBranch":3,"lastFunction":3,"lastStatement":6,"seen":{"s:3:25:9:Infinity":0,"f:3:25:3:26":0,"s:3:67:9:Infinity":1,"b:3:53:3:67":0,"s:11:30:15:Infinity":2,"f:11:30:11:31":1,"s:12:1:15:Infinity":3,"b:11:58:11:Infinity":1,"s:17:30:21:Infinity":4,"f:17:30:17:31":2,"s:18:1:21:Infinity":5,"b:17:58:17:Infinity":2}}}
,"C:\\Users\\trevo\\Desktop\\agency\\packages\\core\\src\\test-factories\\work-item-factory.ts": {"path":"C:\\Users\\trevo\\Desktop\\agency\\packages\\core\\src\\test-factories\\work-item-factory.ts","statementMap":{"0":{"start":{"line":3,"column":29},"end":{"line":8,"column":null}},"1":{"start":{"line":3,"column":79},"end":{"line":8,"column":null}},"2":{"start":{"line":10,"column":39},"end":{"line":16,"column":null}},"3":{"start":{"line":13,"column":1},"end":{"line":16,"column":null}},"4":{"start":{"line":18,"column":38},"end":{"line":24,"column":null}},"5":{"start":{"line":21,"column":1},"end":{"line":24,"column":null}}},"fnMap":{"0":{"name":"(anonymous_0)","decl":{"start":{"line":3,"column":29},"end":{"line":3,"column":30}},"loc":{"start":{"line":3,"column":79},"end":{"line":8,"column":null}},"line":3},"1":{"name":"(anonymous_1)","decl":{"start":{"line":10,"column":39},"end":{"line":10,"column":null}},"loc":{"start":{"line":13,"column":1},"end":{"line":16,"column":null}},"line":13},"2":{"name":"(anonymous_2)","decl":{"start":{"line":18,"column":38},"end":{"line":18,"column":null}},"loc":{"start":{"line":21,"column":1},"end":{"line":24,"column":null}},"line":21}},"branchMap":{"0":{"loc":{"start":{"line":3,"column":30},"end":{"line":3,"column":79}},"type":"default-arg","locations":[{"start":{"line":3,"column":61},"end":{"line":3,"column":79}}],"line":3},"1":{"loc":{"start":{"line":11,"column":1},"end":{"line":11,"column":null}},"type":"default-arg","locations":[{"start":{"line":11,"column":32},"end":{"line":11,"column":null}}],"line":11},"2":{"loc":{"start":{"line":19,"column":1},"end":{"line":19,"column":null}},"type":"default-arg","locations":[{"start":{"line":19,"column":32},"end":{"line":19,"column":null}}],"line":19}},"s":{"0":1,"1":2,"2":1,"3":1,"4":1,"5":0},"f":{"0":2,"1":1,"2":0},"b":{"0":[2],"1":[1],"2":[0]},"meta":{"lastBranch":3,"lastFunction":3,"lastStatement":6,"seen":{"s:3:29:8:Infinity":0,"f:3:29:3:30":0,"s:3:79:8:Infinity":1,"b:3:61:3:79":0,"s:10:39:16:Infinity":2,"f:10:39:10:Infinity":1,"s:13:1:16:Infinity":3,"b:11:32:11:Infinity":1,"s:18:38:24:Infinity":4,"f:18:38:18:Infinity":2,"s:21:1:24:Infinity":5,"b:19:32:19:Infinity":2}}}
,"C:\\Users\\trevo\\Desktop\\agency\\packages\\core\\src\\test-factories\\workspace-factory.ts": {"path":"C:\\Users\\trevo\\Desktop\\agency\\packages\\core\\src\\test-factories\\workspace-factory.ts","statementMap":{"0":{"start":{"line":3,"column":30},"end":{"line":8,"column":null}},"1":{"start":{"line":3,"column":82},"end":{"line":8,"column":null}}},"fnMap":{"0":{"name":"(anonymous_0)","decl":{"start":{"line":3,"column":30},"end":{"line":3,"column":31}},"loc":{"start":{"line":3,"column":82},"end":{"line":8,"column":null}},"line":3}},"branchMap":{"0":{"loc":{"start":{"line":3,"column":31},"end":{"line":3,"column":82}},"type":"default-arg","locations":[{"start":{"line":3,"column":63},"end":{"line":3,"column":82}}],"line":3}},"s":{"0":1,"1":2},"f":{"0":2},"b":{"0":[2]},"meta":{"lastBranch":1,"lastFunction":1,"lastStatement":2,"seen":{"s:3:30:8:Infinity":0,"f:3:30:3:31":0,"s:3:82:8:Infinity":1,"b:3:63:3:82":0}}}
}
