{"numTotalTestSuites":2,"numPassedTestSuites":2,"numFailedTestSuites":0,"numPendingTestSuites":0,"numTotalTests":11,"numPassedTests":11,"numFailedTests":0,"numPendingTests":0,"numTodoTests":0,"snapshot":{"added":0,"failure":false,"filesAdded":0,"filesRemoved":0,"filesRemovedList":[],"filesUnmatched":0,"filesUpdated":0,"matched":0,"total":0,"unchecked":0,"uncheckedKeysByFile":[],"unmatched":0,"updated":0,"didUpdate":false},"startTime":1779472580533,"success":true,"testResults":[{"assertionResults":[{"ancestorTitles":["cn utility"],"fullName":"cn utility should merge class names","status":"passed","title":"should merge class names","duration":11.438000000000102,"failureMessages":[],"meta":{},"tags":[]},{"ancestorTitles":["cn utility"],"fullName":"cn utility should handle conditional classes","status":"passed","title":"should handle conditional classes","duration":0.2921999999998661,"failureMessages":[],"meta":{},"tags":[]},{"ancestorTitles":["cn utility"],"fullName":"cn utility should handle undefined and null","status":"passed","title":"should handle undefined and null","duration":0.48450000000002547,"failureMessages":[],"meta":{},"tags":[]},{"ancestorTitles":["cn utility"],"fullName":"cn utility should handle empty strings","status":"passed","title":"should handle empty strings","duration":0.337099999999964,"failureMessages":[],"meta":{},"tags":[]},{"ancestorTitles":["cn utility"],"fullName":"cn utility should handle arrays","status":"passed","title":"should handle arrays","duration":0.3123000000000502,"failureMessages":[],"meta":{},"tags":[]},{"ancestorTitles":["cn utility"],"fullName":"cn utility should handle objects with boolean values","status":"passed","title":"should handle objects with boolean values","duration":0.18600000000014916,"failureMessages":[],"meta":{},"tags":[]},{"ancestorTitles":["cn utility"],"fullName":"cn utility should handle Tailwind class conflicts","status":"passed","title":"should handle Tailwind class conflicts","duration":0.8761999999999261,"failureMessages":[],"meta":{},"tags":[]},{"ancestorTitles":["cn utility"],"fullName":"cn utility should handle complex Tailwind conflicts","status":"passed","title":"should handle complex Tailwind conflicts","duration":0.29719999999997526,"failureMessages":[],"meta":{},"tags":[]},{"ancestorTitles":["cn utility"],"fullName":"cn utility should handle no arguments","status":"passed","title":"should handle no arguments","duration":0.3789999999999054,"failureMessages":[],"meta":{},"tags":[]},{"ancestorTitles":["cn utility"],"fullName":"cn utility should handle single class","status":"passed","title":"should handle single class","duration":0.22919999999999163,"failureMessages":[],"meta":{},"tags":[]},{"ancestorTitles":["cn utility"],"fullName":"cn utility should handle duplicate classes","status":"passed","title":"should handle duplicate classes","duration":0.17509999999992942,"failureMessages":[],"meta":{},"tags":[]}],"startTime":1779472581410,"endTime":1779472581425.379,"status":"passed","message":"","name":"C:/Users/trevo/Desktop/agency/packages/ui/src/utils.test.ts"}]}