{"C:\\Users\\trevo\\Desktop\\agency\\packages\\reporting\\src\\aggregators.ts": {"path":"C:\\Users\\trevo\\Desktop\\agency\\packages\\reporting\\src\\aggregators.ts","statementMap":{"0":{"start":{"line":3,"column":2},"end":{"line":3,"column":null}},"1":{"start":{"line":3,"column":33},"end":{"line":3,"column":40}},"2":{"start":{"line":7,"column":2},"end":{"line":7,"column":null}},"3":{"start":{"line":11,"column":2},"end":{"line":11,"column":null}}},"fnMap":{"0":{"name":"sum","decl":{"start":{"line":2,"column":16},"end":{"line":2,"column":20}},"loc":{"start":{"line":2,"column":46},"end":{"line":4,"column":null}},"line":2},"1":{"name":"(anonymous_1)","decl":{"start":{"line":3,"column":23},"end":{"line":3,"column":24}},"loc":{"start":{"line":3,"column":33},"end":{"line":3,"column":40}},"line":3},"2":{"name":"average","decl":{"start":{"line":6,"column":16},"end":{"line":6,"column":24}},"loc":{"start":{"line":6,"column":50},"end":{"line":8,"column":null}},"line":6},"3":{"name":"count","decl":{"start":{"line":10,"column":16},"end":{"line":10,"column":22}},"loc":{"start":{"line":10,"column":45},"end":{"line":12,"column":null}},"line":10}},"branchMap":{"0":{"loc":{"start":{"line":7,"column":9},"end":{"line":7,"column":null}},"type":"cond-expr","locations":[{"start":{"line":7,"column":29},"end":{"line":7,"column":59}},{"start":{"line":7,"column":59},"end":{"line":7,"column":null}}],"line":7}},"s":{"0":25,"1":65,"2":13,"3":9},"f":{"0":25,"1":65,"2":13,"3":9},"b":{"0":[12,1]},"meta":{"lastBranch":1,"lastFunction":4,"lastStatement":4,"seen":{"f:2:16:2:20":0,"s:3:2:3:Infinity":0,"f:3:23:3:24":1,"s:3:33:3:40":1,"f:6:16:6:24":2,"s:7:2:7:Infinity":2,"b:7:29:7:59:7:59:7:Infinity":0,"f:10:16:10:22":3,"s:11:2:11:Infinity":3}}}
,"C:\\Users\\trevo\\Desktop\\agency\\packages\\reporting\\src\\query-builder.ts": {"path":"C:\\Users\\trevo\\Desktop\\agency\\packages\\reporting\\src\\query-builder.ts","statementMap":{"0":{"start":{"line":3,"column":2},"end":{"line":3,"column":null}},"1":{"start":{"line":6,"column":4},"end":{"line":6,"column":null}},"2":{"start":{"line":7,"column":4},"end":{"line":7,"column":null}},"3":{"start":{"line":11,"column":4},"end":{"line":13,"column":null}}},"fnMap":{"0":{"name":"(anonymous_0)","decl":{"start":{"line":2,"column":7},"end":{"line":2,"column":13}},"loc":{"start":{"line":2,"column":7},"end":{"line":3,"column":null}},"line":2},"1":{"name":"(anonymous_1)","decl":{"start":{"line":5,"column":2},"end":{"line":5,"column":12}},"loc":{"start":{"line":5,"column":63},"end":{"line":8,"column":null}},"line":5},"2":{"name":"(anonymous_2)","decl":{"start":{"line":10,"column":2},"end":{"line":10,"column":15}},"loc":{"start":{"line":10,"column":15},"end":{"line":14,"column":null}},"line":10}},"branchMap":{},"s":{"0":12,"1":13,"2":13,"3":11},"f":{"0":12,"1":13,"2":11},"b":{},"meta":{"lastBranch":0,"lastFunction":3,"lastStatement":4,"seen":{"f:2:7:2:13":0,"s:3:2:3:Infinity":0,"f:5:2:5:12":1,"s:6:4:6:Infinity":1,"s:7:4:7:Infinity":2,"f:10:2:10:15":2,"s:11:4:13:Infinity":3}}}
}
