{"C:\\Users\\trevo\\Desktop\\agency\\packages\\email-engine\\src\\imap-client.ts": {"path":"C:\\Users\\trevo\\Desktop\\agency\\packages\\email-engine\\src\\imap-client.ts","statementMap":{"0":{"start":{"line":3,"column":22},"end":{"line":3,"column":90}},"1":{"start":{"line":11,"column":4},"end":{"line":11,"column":null}}},"fnMap":{"0":{"name":"(anonymous_0)","decl":{"start":{"line":3,"column":2},"end":{"line":3,"column":22}},"loc":{"start":{"line":3,"column":90},"end":{"line":3,"column":null}},"line":3},"1":{"name":"(anonymous_1)","decl":{"start":{"line":5,"column":8},"end":{"line":5,"column":33}},"loc":{"start":{"line":5,"column":33},"end":{"line":7,"column":null}},"line":5},"2":{"name":"(anonymous_2)","decl":{"start":{"line":9,"column":8},"end":{"line":9,"column":40}},"loc":{"start":{"line":9,"column":40},"end":{"line":12,"column":null}},"line":9}},"branchMap":{},"s":{"0":8,"1":3},"f":{"0":8,"1":2,"2":3},"b":{},"meta":{"lastBranch":0,"lastFunction":3,"lastStatement":2,"seen":{"f:3:2:3:22":0,"s:3:22:3:90":0,"f:5:8:5:33":1,"f:9:8:9:40":2,"s:11:4:11:Infinity":1}}}
,"C:\\Users\\trevo\\Desktop\\agency\\packages\\email-engine\\src\\mail-parser.ts": {"path":"C:\\Users\\trevo\\Desktop\\agency\\packages\\email-engine\\src\\mail-parser.ts","statementMap":{"0":{"start":{"line":13,"column":2},"end":{"line":20,"column":null}}},"fnMap":{"0":{"name":"parseEmail","decl":{"start":{"line":11,"column":16},"end":{"line":11,"column":27}},"loc":{"start":{"line":11,"column":54},"end":{"line":21,"column":null}},"line":11}},"branchMap":{},"s":{"0":3},"f":{"0":3},"b":{},"meta":{"lastBranch":0,"lastFunction":1,"lastStatement":1,"seen":{"f:11:16:11:27":0,"s:13:2:20:Infinity":0}}}
}
