{"numTotalTestSuites":10,"numPassedTestSuites":10,"numFailedTestSuites":0,"numPendingTestSuites":0,"numTotalTests":32,"numPassedTests":32,"numFailedTests":0,"numPendingTests":0,"numTodoTests":0,"snapshot":{"added":0,"failure":false,"filesAdded":0,"filesRemoved":0,"filesRemovedList":[],"filesUnmatched":0,"filesUpdated":0,"matched":0,"total":0,"unchecked":0,"uncheckedKeysByFile":[],"unmatched":0,"updated":0,"didUpdate":false},"startTime":1779472580550,"success":true,"testResults":[{"assertionResults":[{"ancestorTitles":["aggregators","sum"],"fullName":"aggregators sum should sum positive numbers","status":"passed","title":"should sum positive numbers","duration":17.208699999999908,"failureMessages":[],"meta":{},"tags":[]},{"ancestorTitles":["aggregators","sum"],"fullName":"aggregators sum should sum negative numbers","status":"passed","title":"should sum negative numbers","duration":0.19910000000004402,"failureMessages":[],"meta":{},"tags":[]},{"ancestorTitles":["aggregators","sum"],"fullName":"aggregators sum should sum mixed positive and negative numbers","status":"passed","title":"should sum mixed positive and negative numbers","duration":0.1471000000001368,"failureMessages":[],"meta":{},"tags":[]},{"ancestorTitles":["aggregators","sum"],"fullName":"aggregators sum should return 0 for empty array","status":"passed","title":"should return 0 for empty array","duration":0.16699999999991633,"failureMessages":[],"meta":{},"tags":[]},{"ancestorTitles":["aggregators","sum"],"fullName":"aggregators sum should handle single element","status":"passed","title":"should handle single element","duration":0.14440000000013242,"failureMessages":[],"meta":{},"tags":[]},{"ancestorTitles":["aggregators","sum"],"fullName":"aggregators sum should handle decimal numbers","status":"passed","title":"should handle decimal numbers","duration":0.1252999999999247,"failureMessages":[],"meta":{},"tags":[]},{"ancestorTitles":["aggregators","sum"],"fullName":"aggregators sum should handle zeros","status":"passed","title":"should handle zeros","duration":0.12990000000013424,"failureMessages":[],"meta":{},"tags":[]},{"ancestorTitles":["aggregators","average"],"fullName":"aggregators average should calculate average of positive numbers","status":"passed","title":"should calculate average of positive numbers","duration":0.17859999999996035,"failureMessages":[],"meta":{},"tags":[]},{"ancestorTitles":["aggregators","average"],"fullName":"aggregators average should calculate average of negative numbers","status":"passed","title":"should calculate average of negative numbers","duration":0.1675000000000182,"failureMessages":[],"meta":{},"tags":[]},{"ancestorTitles":["aggregators","average"],"fullName":"aggregators average should calculate average of mixed numbers","status":"passed","title":"should calculate average of mixed numbers","duration":0.19669999999996435,"failureMessages":[],"meta":{},"tags":[]},{"ancestorTitles":["aggregators","average"],"fullName":"aggregators average should return 0 for empty array","status":"passed","title":"should return 0 for empty array","duration":0.11149999999997817,"failureMessages":[],"meta":{},"tags":[]},{"ancestorTitles":["aggregators","average"],"fullName":"aggregators average should handle single element","status":"passed","title":"should handle single element","duration":0.088799999999992,"failureMessages":[],"meta":{},"tags":[]},{"ancestorTitles":["aggregators","average"],"fullName":"aggregators average should handle decimal numbers","status":"passed","title":"should handle decimal numbers","duration":0.0866000000000895,"failureMessages":[],"meta":{},"tags":[]},{"ancestorTitles":["aggregators","average"],"fullName":"aggregators average should handle identical numbers","status":"passed","title":"should handle identical numbers","duration":0.09359999999992397,"failureMessages":[],"meta":{},"tags":[]},{"ancestorTitles":["aggregators","count"],"fullName":"aggregators count should count array elements","status":"passed","title":"should count array elements","duration":0.10950000000002547,"failureMessages":[],"meta":{},"tags":[]},{"ancestorTitles":["aggregators","count"],"fullName":"aggregators count should return 0 for empty array","status":"passed","title":"should return 0 for empty array","duration":0.07849999999984902,"failureMessages":[],"meta":{},"tags":[]},{"ancestorTitles":["aggregators","count"],"fullName":"aggregators count should count single element","status":"passed","title":"should count single element","duration":0.08629999999993743,"failureMessages":[],"meta":{},"tags":[]},{"ancestorTitles":["aggregators","count"],"fullName":"aggregators count should count string array","status":"passed","title":"should count string array","duration":0.07589999999981956,"failureMessages":[],"meta":{},"tags":[]},{"ancestorTitles":["aggregators","count"],"fullName":"aggregators count should count mixed array","status":"passed","title":"should count mixed array","duration":0.0807999999999538,"failureMessages":[],"meta":{},"tags":[]},{"ancestorTitles":["aggregators","count"],"fullName":"aggregators count should count object array","status":"passed","title":"should count object array","duration":0.08320000000003347,"failureMessages":[],"meta":{},"tags":[]}],"startTime":1779472581324,"endTime":1779472581344.1096,"status":"passed","message":"","name":"C:/Users/trevo/Desktop/agency/packages/reporting/src/aggregators.test.ts"},{"assertionResults":[{"ancestorTitles":["QueryBuilder","constructor"],"fullName":"QueryBuilder constructor should create an instance","status":"passed","title":"should create an instance","duration":2.06470000000013,"failureMessages":[],"meta":{},"tags":[]},{"ancestorTitles":["QueryBuilder","constructor"],"fullName":"QueryBuilder constructor should initialize with empty filters","status":"passed","title":"should initialize with empty filters","duration":0.8086000000000695,"failureMessages":[],"meta":{},"tags":[]},{"ancestorTitles":["QueryBuilder","addFilter"],"fullName":"QueryBuilder addFilter should add a filter","status":"passed","title":"should add a filter","duration":1.0371000000000095,"failureMessages":[],"meta":{},"tags":[]},{"ancestorTitles":["QueryBuilder","addFilter"],"fullName":"QueryBuilder addFilter should chain multiple filters","status":"passed","title":"should chain multiple filters","duration":0.3058000000000902,"failureMessages":[],"meta":{},"tags":[]},{"ancestorTitles":["QueryBuilder","addFilter"],"fullName":"QueryBuilder addFilter should return this for chaining","status":"passed","title":"should return this for chaining","duration":0.29369999999994434,"failureMessages":[],"meta":{},"tags":[]},{"ancestorTitles":["QueryBuilder","addFilter"],"fullName":"QueryBuilder addFilter should handle numeric values","status":"passed","title":"should handle numeric values","duration":0.15850000000000364,"failureMessages":[],"meta":{},"tags":[]},{"ancestorTitles":["QueryBuilder","addFilter"],"fullName":"QueryBuilder addFilter should handle boolean values","status":"passed","title":"should handle boolean values","duration":0.14480000000003201,"failureMessages":[],"meta":{},"tags":[]},{"ancestorTitles":["QueryBuilder","addFilter"],"fullName":"QueryBuilder addFilter should handle null values","status":"passed","title":"should handle null values","duration":0.13999999999987267,"failureMessages":[],"meta":{},"tags":[]},{"ancestorTitles":["QueryBuilder","build"],"fullName":"QueryBuilder build should return object with filters array","status":"passed","title":"should return object with filters array","duration":0.32370000000014443,"failureMessages":[],"meta":{},"tags":[]},{"ancestorTitles":["QueryBuilder","build"],"fullName":"QueryBuilder build should include all added filters","status":"passed","title":"should include all added filters","duration":0.27330000000006294,"failureMessages":[],"meta":{},"tags":[]},{"ancestorTitles":["QueryBuilder","build"],"fullName":"QueryBuilder build should return empty filters when none added","status":"passed","title":"should return empty filters when none added","duration":0.14089999999987413,"failureMessages":[],"meta":{},"tags":[]},{"ancestorTitles":["QueryBuilder","build"],"fullName":"QueryBuilder build should return updated filters after adding more","status":"passed","title":"should return updated filters after adding more","duration":0.31790000000000873,"failureMessages":[],"meta":{},"tags":[]}],"startTime":1779472581286,"endTime":1779472581292.3237,"status":"passed","message":"","name":"C:/Users/trevo/Desktop/agency/packages/reporting/src/query-builder.test.ts"}]}