{"numTotalTestSuites":10,"numPassedTestSuites":10,"numFailedTestSuites":0,"numPendingTestSuites":0,"numTotalTests":34,"numPassedTests":34,"numFailedTests":0,"numPendingTests":0,"numTodoTests":0,"snapshot":{"added":0,"failure":false,"filesAdded":0,"filesRemoved":0,"filesRemovedList":[],"filesUnmatched":0,"filesUpdated":0,"matched":0,"total":0,"unchecked":0,"uncheckedKeysByFile":[],"unmatched":0,"updated":0,"didUpdate":false},"startTime":1779472580799,"success":true,"testResults":[{"assertionResults":[{"ancestorTitles":["date utilities","formatDate"],"fullName":"date utilities formatDate should format a date to ISO string (YYYY-MM-DD)","status":"passed","title":"should format a date to ISO string (YYYY-MM-DD)","duration":24.667500000000018,"failureMessages":[],"meta":{},"tags":[]},{"ancestorTitles":["date utilities","formatDate"],"fullName":"date utilities formatDate should handle dates at midnight","status":"passed","title":"should handle dates at midnight","duration":0.2582999999999629,"failureMessages":[],"meta":{},"tags":[]},{"ancestorTitles":["date utilities","formatDate"],"fullName":"date utilities formatDate should handle dates at end of day","status":"passed","title":"should handle dates at end of day","duration":0.1751000000001568,"failureMessages":[],"meta":{},"tags":[]},{"ancestorTitles":["date utilities","addDays"],"fullName":"date utilities addDays should add positive days to a date","status":"passed","title":"should add positive days to a date","duration":0.2112000000001899,"failureMessages":[],"meta":{},"tags":[]},{"ancestorTitles":["date utilities","addDays"],"fullName":"date utilities addDays should add negative days to a date","status":"passed","title":"should add negative days to a date","duration":0.17239999999992506,"failureMessages":[],"meta":{},"tags":[]},{"ancestorTitles":["date utilities","addDays"],"fullName":"date utilities addDays should not mutate the original date","status":"passed","title":"should not mutate the original date","duration":0.15650000000005093,"failureMessages":[],"meta":{},"tags":[]},{"ancestorTitles":["date utilities","addDays"],"fullName":"date utilities addDays should handle adding zero days","status":"passed","title":"should handle adding zero days","duration":0.1470000000001619,"failureMessages":[],"meta":{},"tags":[]},{"ancestorTitles":["date utilities","addDays"],"fullName":"date utilities addDays should handle month boundaries","status":"passed","title":"should handle month boundaries","duration":0.15270000000009532,"failureMessages":[],"meta":{},"tags":[]},{"ancestorTitles":["date utilities","addDays"],"fullName":"date utilities addDays should handle year boundaries","status":"passed","title":"should handle year boundaries","duration":0.17669999999998254,"failureMessages":[],"meta":{},"tags":[]},{"ancestorTitles":["date utilities","isSameDay"],"fullName":"date utilities isSameDay should return true for same day","status":"passed","title":"should return true for same day","duration":0.2415000000000873,"failureMessages":[],"meta":{},"tags":[]},{"ancestorTitles":["date utilities","isSameDay"],"fullName":"date utilities isSameDay should return false for different days","status":"passed","title":"should return false for different days","duration":0.13200000000006185,"failureMessages":[],"meta":{},"tags":[]},{"ancestorTitles":["date utilities","isSameDay"],"fullName":"date utilities isSameDay should return false for different months","status":"passed","title":"should return false for different months","duration":0.09709999999995489,"failureMessages":[],"meta":{},"tags":[]},{"ancestorTitles":["date utilities","isSameDay"],"fullName":"date utilities isSameDay should return false for different years","status":"passed","title":"should return false for different years","duration":0.09169999999994616,"failureMessages":[],"meta":{},"tags":[]},{"ancestorTitles":["date utilities","isSameDay"],"fullName":"date utilities isSameDay should handle different times on same day","status":"passed","title":"should handle different times on same day","duration":0.08899999999994179,"failureMessages":[],"meta":{},"tags":[]}],"startTime":1779472581280,"endTime":1779472581307.132,"status":"passed","message":"","name":"C:/Users/trevo/Desktop/agency/packages/utils/src/date.test.ts"},{"assertionResults":[{"ancestorTitles":["format utilities","formatCurrency"],"fullName":"format utilities formatCurrency should format USD currency correctly","status":"passed","title":"should format USD currency correctly","duration":27.2820999999999,"failureMessages":[],"meta":{},"tags":[]},{"ancestorTitles":["format utilities","formatCurrency"],"fullName":"format utilities formatCurrency should format zero correctly","status":"passed","title":"should format zero correctly","duration":0.6322000000000116,"failureMessages":[],"meta":{},"tags":[]},{"ancestorTitles":["format utilities","formatCurrency"],"fullName":"format utilities formatCurrency should format negative numbers correctly","status":"passed","title":"should format negative numbers correctly","duration":0.2944999999999709,"failureMessages":[],"meta":{},"tags":[]},{"ancestorTitles":["format utilities","formatCurrency"],"fullName":"format utilities formatCurrency should handle large numbers","status":"passed","title":"should handle large numbers","duration":0.2925000000000182,"failureMessages":[],"meta":{},"tags":[]},{"ancestorTitles":["format utilities","formatCurrency"],"fullName":"format utilities formatCurrency should format with custom currency","status":"passed","title":"should format with custom currency","duration":0.4152999999998883,"failureMessages":[],"meta":{},"tags":[]},{"ancestorTitles":["format utilities","formatCurrency"],"fullName":"format utilities formatCurrency should format with GBP currency","status":"passed","title":"should format with GBP currency","duration":0.7283999999999651,"failureMessages":[],"meta":{},"tags":[]},{"ancestorTitles":["format utilities","formatCurrency"],"fullName":"format utilities formatCurrency should handle decimal precision","status":"passed","title":"should handle decimal precision","duration":2.1277999999999793,"failureMessages":[],"meta":{},"tags":[]},{"ancestorTitles":["format utilities","formatNumber"],"fullName":"format utilities formatNumber should format numbers with commas","status":"passed","title":"should format numbers with commas","duration":0.582300000000032,"failureMessages":[],"meta":{},"tags":[]},{"ancestorTitles":["format utilities","formatNumber"],"fullName":"format utilities formatNumber should format zero correctly","status":"passed","title":"should format zero correctly","duration":0.3681000000001404,"failureMessages":[],"meta":{},"tags":[]},{"ancestorTitles":["format utilities","formatNumber"],"fullName":"format utilities formatNumber should format negative numbers","status":"passed","title":"should format negative numbers","duration":0.7419999999999618,"failureMessages":[],"meta":{},"tags":[]},{"ancestorTitles":["format utilities","formatNumber"],"fullName":"format utilities formatNumber should handle decimal numbers","status":"passed","title":"should handle decimal numbers","duration":0.30729999999994106,"failureMessages":[],"meta":{},"tags":[]},{"ancestorTitles":["format utilities","formatNumber"],"fullName":"format utilities formatNumber should format small numbers","status":"passed","title":"should format small numbers","duration":0.1876999999999498,"failureMessages":[],"meta":{},"tags":[]},{"ancestorTitles":["format utilities","formatNumber"],"fullName":"format utilities formatNumber should handle very large numbers","status":"passed","title":"should handle very large numbers","duration":0.2784999999998945,"failureMessages":[],"meta":{},"tags":[]},{"ancestorTitles":["format utilities","truncate"],"fullName":"format utilities truncate should truncate string longer than length","status":"passed","title":"should truncate string longer than length","duration":0.22149999999987813,"failureMessages":[],"meta":{},"tags":[]},{"ancestorTitles":["format utilities","truncate"],"fullName":"format utilities truncate should not truncate string shorter than length","status":"passed","title":"should not truncate string shorter than length","duration":0.11930000000006658,"failureMessages":[],"meta":{},"tags":[]},{"ancestorTitles":["format utilities","truncate"],"fullName":"format utilities truncate should not truncate string equal to length","status":"passed","title":"should not truncate string equal to length","duration":0.09529999999995198,"failureMessages":[],"meta":{},"tags":[]},{"ancestorTitles":["format utilities","truncate"],"fullName":"format utilities truncate should handle empty string","status":"passed","title":"should handle empty string","duration":0.07929999999987558,"failureMessages":[],"meta":{},"tags":[]},{"ancestorTitles":["format utilities","truncate"],"fullName":"format utilities truncate should handle length of zero","status":"passed","title":"should handle length of zero","duration":0.07950000000005275,"failureMessages":[],"meta":{},"tags":[]},{"ancestorTitles":["format utilities","truncate"],"fullName":"format utilities truncate should handle unicode characters","status":"passed","title":"should handle unicode characters","duration":0.07930000000010295,"failureMessages":[],"meta":{},"tags":[]},{"ancestorTitles":["format utilities","truncate"],"fullName":"format utilities truncate should preserve original string when not truncated","status":"passed","title":"should preserve original string when not truncated","duration":0.0862000000001899,"failureMessages":[],"meta":{},"tags":[]}],"startTime":1779472581337,"endTime":1779472581375.1194,"status":"passed","message":"","name":"C:/Users/trevo/Desktop/agency/packages/utils/src/format.test.ts"}]}