{"C:\\Users\\trevo\\Desktop\\agency\\packages\\automator-engine\\src\\engine.ts": {"path":"C:\\Users\\trevo\\Desktop\\agency\\packages\\automator-engine\\src\\engine.ts","statementMap":{"0":{"start":{"line":8,"column":4},"end":{"line":8,"column":null}},"1":{"start":{"line":17,"column":4},"end":{"line":17,"column":null}}},"fnMap":{"0":{"name":"(anonymous_0)","decl":{"start":{"line":7,"column":2},"end":{"line":7,"column":16}},"loc":{"start":{"line":7,"column":16},"end":{"line":9,"column":null}},"line":7},"1":{"name":"(anonymous_1)","decl":{"start":{"line":11,"column":2},"end":{"line":11,"column":10}},"loc":{"start":{"line":11,"column":37},"end":{"line":13,"column":null}},"line":11},"2":{"name":"(anonymous_2)","decl":{"start":{"line":15,"column":8},"end":{"line":15,"column":17}},"loc":{"start":{"line":15,"column":45},"end":{"line":18,"column":null}},"line":15}},"branchMap":{},"s":{"0":8,"1":4},"f":{"0":8,"1":2,"2":4},"b":{},"meta":{"lastBranch":0,"lastFunction":3,"lastStatement":2,"seen":{"f:7:2:7:16":0,"s:8:4:8:Infinity":0,"f:11:2:11:10":1,"f:15:8:15:17":2,"s:17:4:17:Infinity":1}}}
,"C:\\Users\\trevo\\Desktop\\agency\\packages\\automator-engine\\src\\types.ts": {"path":"C:\\Users\\trevo\\Desktop\\agency\\packages\\automator-engine\\src\\types.ts","statementMap":{},"fnMap":{},"branchMap":{},"s":{},"f":{},"b":{},"meta":{"lastBranch":0,"lastFunction":0,"lastStatement":0,"seen":{}}}
}
