{"numTotalTestSuites":10,"numPassedTestSuites":10,"numFailedTestSuites":0,"numPendingTestSuites":0,"numTotalTests":19,"numPassedTests":19,"numFailedTests":0,"numPendingTests":0,"numTodoTests":0,"snapshot":{"added":0,"failure":false,"filesAdded":0,"filesRemoved":0,"filesRemovedList":[],"filesUnmatched":0,"filesUpdated":0,"matched":0,"total":0,"unchecked":0,"uncheckedKeysByFile":[],"unmatched":0,"updated":0,"didUpdate":false},"startTime":1779472580001,"success":true,"testResults":[{"assertionResults":[{"ancestorTitles":["AutomatorEngine","constructor"],"fullName":"AutomatorEngine constructor should create an instance","status":"passed","title":"should create an instance","duration":3.050700000000006,"failureMessages":[],"meta":{},"tags":[]},{"ancestorTitles":["AutomatorEngine","constructor"],"fullName":"AutomatorEngine constructor should initialize with an engine","status":"passed","title":"should initialize with an engine","duration":0.34160000000019863,"failureMessages":[],"meta":{},"tags":[]},{"ancestorTitles":["AutomatorEngine","addRule"],"fullName":"AutomatorEngine addRule should add a rule without throwing","status":"passed","title":"should add a rule without throwing","duration":0.9189000000001215,"failureMessages":[],"meta":{},"tags":[]},{"ancestorTitles":["AutomatorEngine","addRule"],"fullName":"AutomatorEngine addRule should accept rule with valid structure","status":"passed","title":"should accept rule with valid structure","duration":0.3647000000000844,"failureMessages":[],"meta":{},"tags":[]},{"ancestorTitles":["AutomatorEngine","evaluate"],"fullName":"AutomatorEngine evaluate should return an array","status":"passed","title":"should return an array","duration":0.36200000000008004,"failureMessages":[],"meta":{},"tags":[]},{"ancestorTitles":["AutomatorEngine","evaluate"],"fullName":"AutomatorEngine evaluate should return empty array for no rules","status":"passed","title":"should return empty array for no rules","duration":0.7971000000000004,"failureMessages":[],"meta":{},"tags":[]},{"ancestorTitles":["AutomatorEngine","evaluate"],"fullName":"AutomatorEngine evaluate should accept facts object","status":"passed","title":"should accept facts object","duration":0.34979999999995925,"failureMessages":[],"meta":{},"tags":[]},{"ancestorTitles":["AutomatorEngine","evaluate"],"fullName":"AutomatorEngine evaluate should handle empty facts","status":"passed","title":"should handle empty facts","duration":0.1938000000000102,"failureMessages":[],"meta":{},"tags":[]}],"startTime":1779472580815,"endTime":1779472580853.3499,"status":"passed","message":"","name":"C:/Users/trevo/Desktop/agency/packages/automator-engine/src/engine.test.ts"},{"assertionResults":[{"ancestorTitles":["automator types","AutomatorRule"],"fullName":"automator types AutomatorRule should accept valid rule object","status":"passed","title":"should accept valid rule object","duration":2.6123000000000047,"failureMessages":[],"meta":{},"tags":[]},{"ancestorTitles":["automator types","AutomatorRule"],"fullName":"automator types AutomatorRule should accept multiple conditions","status":"passed","title":"should accept multiple conditions","duration":0.28940000000011423,"failureMessages":[],"meta":{},"tags":[]},{"ancestorTitles":["automator types","AutomatorRule"],"fullName":"automator types AutomatorRule should accept multiple actions","status":"passed","title":"should accept multiple actions","duration":0.25850000000014006,"failureMessages":[],"meta":{},"tags":[]},{"ancestorTitles":["automator types","Condition"],"fullName":"automator types Condition should accept valid condition object","status":"passed","title":"should accept valid condition object","duration":0.2720999999999094,"failureMessages":[],"meta":{},"tags":[]},{"ancestorTitles":["automator types","Condition"],"fullName":"automator types Condition should accept numeric values","status":"passed","title":"should accept numeric values","duration":0.16180000000008476,"failureMessages":[],"meta":{},"tags":[]},{"ancestorTitles":["automator types","Condition"],"fullName":"automator types Condition should accept boolean values","status":"passed","title":"should accept boolean values","duration":0.1310000000000855,"failureMessages":[],"meta":{},"tags":[]},{"ancestorTitles":["automator types","Action"],"fullName":"automator types Action should accept change-status action","status":"passed","title":"should accept change-status action","duration":0.1973000000000411,"failureMessages":[],"meta":{},"tags":[]},{"ancestorTitles":["automator types","Action"],"fullName":"automator types Action should accept send-notification action","status":"passed","title":"should accept send-notification action","duration":0.1872000000000753,"failureMessages":[],"meta":{},"tags":[]},{"ancestorTitles":["automator types","Action"],"fullName":"automator types Action should accept create-task action","status":"passed","title":"should accept create-task action","duration":0.16679999999996653,"failureMessages":[],"meta":{},"tags":[]},{"ancestorTitles":["automator types","Action"],"fullName":"automator types Action should accept assign-user action","status":"passed","title":"should accept assign-user action","duration":0.22520000000008622,"failureMessages":[],"meta":{},"tags":[]},{"ancestorTitles":["automator types","Action"],"fullName":"automator types Action should accept all valid action types","status":"passed","title":"should accept all valid action types","duration":0.1938000000000102,"failureMessages":[],"meta":{},"tags":[]}],"startTime":1779472580685,"endTime":1779472580690.225,"status":"passed","message":"","name":"C:/Users/trevo/Desktop/agency/packages/automator-engine/src/types.test.ts"}]}