{"numTotalTestSuites":9,"numPassedTestSuites":9,"numFailedTestSuites":0,"numPendingTestSuites":0,"numTotalTests":11,"numPassedTests":11,"numFailedTests":0,"numPendingTests":0,"numTodoTests":0,"snapshot":{"added":0,"failure":false,"filesAdded":0,"filesRemoved":0,"filesRemovedList":[],"filesUnmatched":0,"filesUpdated":0,"matched":0,"total":0,"unchecked":0,"uncheckedKeysByFile":[],"unmatched":0,"updated":0,"didUpdate":false},"startTime":1779472580070,"success":true,"testResults":[{"assertionResults":[{"ancestorTitles":["constants","APP_NAME"],"fullName":"constants APP_NAME should be defined","status":"passed","title":"should be defined","duration":1.8079999999999927,"failureMessages":[],"meta":{},"tags":[]},{"ancestorTitles":["constants","APP_NAME"],"fullName":"constants APP_NAME should be a string","status":"passed","title":"should be a string","duration":0.4286000000001877,"failureMessages":[],"meta":{},"tags":[]},{"ancestorTitles":["constants","APP_NAME"],"fullName":"constants APP_NAME should equal \"Agency Platform\"","status":"passed","title":"should equal \"Agency Platform\"","duration":0.17190000000005057,"failureMessages":[],"meta":{},"tags":[]},{"ancestorTitles":["constants","API_VERSION"],"fullName":"constants API_VERSION should be defined","status":"passed","title":"should be defined","duration":0.2522999999998774,"failureMessages":[],"meta":{},"tags":[]},{"ancestorTitles":["constants","API_VERSION"],"fullName":"constants API_VERSION should be a string","status":"passed","title":"should be a string","duration":0.3523000000000138,"failureMessages":[],"meta":{},"tags":[]},{"ancestorTitles":["constants","API_VERSION"],"fullName":"constants API_VERSION should equal \"v1\"","status":"passed","title":"should equal \"v1\"","duration":0.14520000000015898,"failureMessages":[],"meta":{},"tags":[]}],"startTime":1779472580734,"endTime":1779472580737.3523,"status":"passed","message":"","name":"C:/Users/trevo/Desktop/agency/packages/core/src/constants.test.ts"},{"assertionResults":[{"ancestorTitles":["types","User"],"fullName":"types User should accept valid user object","status":"passed","title":"should accept valid user object","duration":1.8628000000001066,"failureMessages":[],"meta":{},"tags":[]},{"ancestorTitles":["types","User"],"fullName":"types User should accept all valid roles","status":"passed","title":"should accept all valid roles","duration":0.8641000000000076,"failureMessages":[],"meta":{},"tags":[]},{"ancestorTitles":["types","Workspace"],"fullName":"types Workspace should accept valid workspace object","status":"passed","title":"should accept valid workspace object","duration":0.28300000000012915,"failureMessages":[],"meta":{},"tags":[]},{"ancestorTitles":["types","WorkItem"],"fullName":"types WorkItem should accept valid work item object","status":"passed","title":"should accept valid work item object","duration":0.2321999999999207,"failureMessages":[],"meta":{},"tags":[]},{"ancestorTitles":["types","WorkItem"],"fullName":"types WorkItem should accept work item with optional fields","status":"passed","title":"should accept work item with optional fields","duration":0.2585999999998876,"failureMessages":[],"meta":{},"tags":[]}],"startTime":1779472580763,"endTime":1779472580766.283,"status":"passed","message":"","name":"C:/Users/trevo/Desktop/agency/packages/core/src/types.test.ts"}]}