{"C:\\Users\\trevo\\Desktop\\agency\\packages\\utils\\src\\date.ts": {"path":"C:\\Users\\trevo\\Desktop\\agency\\packages\\utils\\src\\date.ts","statementMap":{"0":{"start":{"line":3,"column":2},"end":{"line":3,"column":null}},"1":{"start":{"line":7,"column":17},"end":{"line":7,"column":null}},"2":{"start":{"line":8,"column":2},"end":{"line":8,"column":null}},"3":{"start":{"line":9,"column":2},"end":{"line":9,"column":null}},"4":{"start":{"line":13,"column":2},"end":{"line":16,"column":null}}},"fnMap":{"0":{"name":"formatDate","decl":{"start":{"line":2,"column":16},"end":{"line":2,"column":27}},"loc":{"start":{"line":2,"column":47},"end":{"line":4,"column":null}},"line":2},"1":{"name":"addDays","decl":{"start":{"line":6,"column":16},"end":{"line":6,"column":24}},"loc":{"start":{"line":6,"column":56},"end":{"line":10,"column":null}},"line":6},"2":{"name":"isSameDay","decl":{"start":{"line":12,"column":16},"end":{"line":12,"column":26}},"loc":{"start":{"line":12,"column":61},"end":{"line":18,"column":null}},"line":12}},"branchMap":{"0":{"loc":{"start":{"line":14,"column":4},"end":{"line":16,"column":null}},"type":"binary-expr","locations":[{"start":{"line":14,"column":4},"end":{"line":14,"column":null}},{"start":{"line":15,"column":4},"end":{"line":15,"column":null}},{"start":{"line":16,"column":4},"end":{"line":16,"column":null}}],"line":14}},"s":{"0":8,"1":11,"2":11,"3":11,"4":7},"f":{"0":8,"1":11,"2":7},"b":{"0":[7,6,5]},"meta":{"lastBranch":1,"lastFunction":3,"lastStatement":5,"seen":{"f:2:16:2:27":0,"s:3:2:3:Infinity":0,"f:6:16:6:24":1,"s:7:17:7:Infinity":1,"s:8:2:8:Infinity":2,"s:9:2:9:Infinity":3,"f:12:16:12:26":2,"s:13:2:16:Infinity":4,"b:14:4:14:Infinity:15:4:15:Infinity:16:4:16:Infinity":0}}}
,"C:\\Users\\trevo\\Desktop\\agency\\packages\\utils\\src\\format.ts": {"path":"C:\\Users\\trevo\\Desktop\\agency\\packages\\utils\\src\\format.ts","statementMap":{"0":{"start":{"line":3,"column":2},"end":{"line":6,"column":null}},"1":{"start":{"line":10,"column":2},"end":{"line":10,"column":null}},"2":{"start":{"line":14,"column":2},"end":{"line":14,"column":null}}},"fnMap":{"0":{"name":"formatCurrency","decl":{"start":{"line":2,"column":16},"end":{"line":2,"column":31}},"loc":{"start":{"line":2,"column":73},"end":{"line":7,"column":null}},"line":2},"1":{"name":"formatNumber","decl":{"start":{"line":9,"column":16},"end":{"line":9,"column":29}},"loc":{"start":{"line":9,"column":50},"end":{"line":11,"column":null}},"line":9},"2":{"name":"truncate","decl":{"start":{"line":13,"column":16},"end":{"line":13,"column":25}},"loc":{"start":{"line":13,"column":62},"end":{"line":15,"column":null}},"line":13}},"branchMap":{"0":{"loc":{"start":{"line":2,"column":47},"end":{"line":2,"column":73}},"type":"default-arg","locations":[{"start":{"line":2,"column":58},"end":{"line":2,"column":73}}],"line":2},"1":{"loc":{"start":{"line":14,"column":9},"end":{"line":14,"column":null}},"type":"cond-expr","locations":[{"start":{"line":14,"column":31},"end":{"line":14,"column":66}},{"start":{"line":14,"column":66},"end":{"line":14,"column":null}}],"line":14}},"s":{"0":7,"1":6,"2":7},"f":{"0":7,"1":6,"2":7},"b":{"0":[7],"1":[3,4]},"meta":{"lastBranch":2,"lastFunction":3,"lastStatement":3,"seen":{"f:2:16:2:31":0,"b:2:58:2:73":0,"s:3:2:6:Infinity":0,"f:9:16:9:29":1,"s:10:2:10:Infinity":1,"f:13:16:13:25":2,"s:14:2:14:Infinity":2,"b:14:31:14:66:14:66:14:Infinity":1}}}
}
