{"numTotalTestSuites":9,"numPassedTestSuites":9,"numFailedTestSuites":0,"numPendingTestSuites":0,"numTotalTests":12,"numPassedTests":12,"numFailedTests":0,"numPendingTests":0,"numTodoTests":0,"snapshot":{"added":0,"failure":false,"filesAdded":0,"filesRemoved":0,"filesRemovedList":[],"filesUnmatched":0,"filesUpdated":0,"matched":0,"total":0,"unchecked":0,"uncheckedKeysByFile":[],"unmatched":0,"updated":0,"didUpdate":false},"startTime":1779472580533,"success":true,"testResults":[{"assertionResults":[{"ancestorTitles":["IMAPClient","constructor"],"fullName":"IMAPClient constructor should create an instance with config","status":"passed","title":"should create an instance with config","duration":1.8985999999999876,"failureMessages":[],"meta":{},"tags":[]},{"ancestorTitles":["IMAPClient","constructor"],"fullName":"IMAPClient constructor should store config","status":"passed","title":"should store config","duration":0.2761000000000422,"failureMessages":[],"meta":{},"tags":[]},{"ancestorTitles":["IMAPClient","connect"],"fullName":"IMAPClient connect should connect without throwing","status":"passed","title":"should connect without throwing","duration":0.9719999999997526,"failureMessages":[],"meta":{},"tags":[]},{"ancestorTitles":["IMAPClient","connect"],"fullName":"IMAPClient connect should return a promise","status":"passed","title":"should return a promise","duration":0.25109999999995125,"failureMessages":[],"meta":{},"tags":[]},{"ancestorTitles":["IMAPClient","fetchMessages"],"fullName":"IMAPClient fetchMessages should return an array","status":"passed","title":"should return an array","duration":0.3160000000002583,"failureMessages":[],"meta":{},"tags":[]},{"ancestorTitles":["IMAPClient","fetchMessages"],"fullName":"IMAPClient fetchMessages should return empty array initially","status":"passed","title":"should return empty array initially","duration":0.7746000000001914,"failureMessages":[],"meta":{},"tags":[]},{"ancestorTitles":["IMAPClient","fetchMessages"],"fullName":"IMAPClient fetchMessages should return a promise","status":"passed","title":"should return a promise","duration":0.15710000000035507,"failureMessages":[],"meta":{},"tags":[]}],"startTime":1779472581341,"endTime":1779472581346.157,"status":"passed","message":"","name":"C:/Users/trevo/Desktop/agency/packages/email-engine/src/imap-client.test.ts"},{"assertionResults":[{"ancestorTitles":["mail parser","EmailMessage type"],"fullName":"mail parser EmailMessage type should accept valid email message object","status":"passed","title":"should accept valid email message object","duration":2.7319000000002234,"failureMessages":[],"meta":{},"tags":[]},{"ancestorTitles":["mail parser","EmailMessage type"],"fullName":"mail parser EmailMessage type should accept multiple recipients","status":"passed","title":"should accept multiple recipients","duration":0.8885999999997694,"failureMessages":[],"meta":{},"tags":[]},{"ancestorTitles":["mail parser","parseEmail"],"fullName":"mail parser parseEmail should return an EmailMessage object","status":"passed","title":"should return an EmailMessage object","duration":0.4719000000000051,"failureMessages":[],"meta":{},"tags":[]},{"ancestorTitles":["mail parser","parseEmail"],"fullName":"mail parser parseEmail should handle empty string input","status":"passed","title":"should handle empty string input","duration":0.145799999999781,"failureMessages":[],"meta":{},"tags":[]},{"ancestorTitles":["mail parser","parseEmail"],"fullName":"mail parser parseEmail should handle null-like input","status":"passed","title":"should handle null-like input","duration":0.134900000000016,"failureMessages":[],"meta":{},"tags":[]}],"startTime":1779472581411,"endTime":1779472581416.1458,"status":"passed","message":"","name":"C:/Users/trevo/Desktop/agency/packages/email-engine/src/mail-parser.test.ts"}]}