{"C:\\Users\\trevo\\Desktop\\agency\\packages\\ui\\src\\utils.ts": {"path":"C:\\Users\\trevo\\Desktop\\agency\\packages\\ui\\src\\utils.ts","statementMap":{"0":{"start":{"line":5,"column":2},"end":{"line":5,"column":null}}},"fnMap":{"0":{"name":"cn","decl":{"start":{"line":4,"column":16},"end":{"line":4,"column":22}},"loc":{"start":{"line":4,"column":44},"end":{"line":6,"column":null}},"line":4}},"branchMap":{},"s":{"0":66},"f":{"0":66},"b":{},"meta":{"lastBranch":0,"lastFunction":1,"lastStatement":1,"seen":{"f:4:16:4:22":0,"s:5:2:5:Infinity":0}}}
,"C:\\Users\\trevo\\Desktop\\agency\\packages\\ui\\src\\components\\container.tsx": {"path":"C:\\Users\\trevo\\Desktop\\agency\\packages\\ui\\src\\components\\container.tsx","statementMap":{"0":{"start":{"line":10,"column":22},"end":{"line":15,"column":null}},"1":{"start":{"line":17,"column":2},"end":{"line":20,"column":null}}},"fnMap":{"0":{"name":"Container","decl":{"start":{"line":9,"column":16},"end":{"line":9,"column":26}},"loc":{"start":{"line":9,"column":80},"end":{"line":22,"column":null}},"line":9}},"branchMap":{"0":{"loc":{"start":{"line":9,"column":49},"end":{"line":9,"column":61}},"type":"default-arg","locations":[{"start":{"line":9,"column":56},"end":{"line":9,"column":61}}],"line":9}},"s":{"0":7,"1":7},"f":{"0":7},"b":{"0":[7]},"meta":{"lastBranch":1,"lastFunction":1,"lastStatement":2,"seen":{"f:9:16:9:26":0,"b:9:56:9:61":0,"s:10:22:15:Infinity":0,"s:17:2:20:Infinity":1}}}
,"C:\\Users\\trevo\\Desktop\\agency\\packages\\ui\\src\\components\\feature-card.tsx": {"path":"C:\\Users\\trevo\\Desktop\\agency\\packages\\ui\\src\\components\\feature-card.tsx","statementMap":{"0":{"start":{"line":12,"column":2},"end":{"line":19,"column":null}}},"fnMap":{"0":{"name":"FeatureCard","decl":{"start":{"line":11,"column":16},"end":{"line":11,"column":28}},"loc":{"start":{"line":11,"column":93},"end":{"line":21,"column":null}},"line":11}},"branchMap":{},"s":{"0":7},"f":{"0":7},"b":{},"meta":{"lastBranch":0,"lastFunction":1,"lastStatement":1,"seen":{"f:11:16:11:28":0,"s:12:2:19:Infinity":0}}}
,"C:\\Users\\trevo\\Desktop\\agency\\packages\\ui\\src\\components\\portfolio-card.tsx": {"path":"C:\\Users\\trevo\\Desktop\\agency\\packages\\ui\\src\\components\\portfolio-card.tsx","statementMap":{"0":{"start":{"line":14,"column":2},"end":{"line":37,"column":null}}},"fnMap":{"0":{"name":"PortfolioCard","decl":{"start":{"line":13,"column":16},"end":{"line":13,"column":30}},"loc":{"start":{"line":13,"column":107},"end":{"line":39,"column":null}},"line":13}},"branchMap":{"0":{"loc":{"start":{"line":22,"column":7},"end":{"line":29,"column":null}},"type":"binary-expr","locations":[{"start":{"line":22,"column":7},"end":{"line":22,"column":null}},{"start":{"line":23,"column":8},"end":{"line":29,"column":null}}],"line":22},"1":{"loc":{"start":{"line":24,"column":11},"end":{"line":28,"column":null}},"type":"cond-expr","locations":[{"start":{"line":25,"column":12},"end":{"line":27,"column":null}},{"start":{"line":28,"column":14},"end":{"line":28,"column":null}}],"line":24}},"s":{"0":8},"f":{"0":8},"b":{"0":[8,2],"1":[1,1]},"meta":{"lastBranch":2,"lastFunction":1,"lastStatement":1,"seen":{"f:13:16:13:30":0,"s:14:2:37:Infinity":0,"b:22:7:22:Infinity:23:8:29:Infinity":0,"b:25:12:27:Infinity:28:14:28:Infinity":1}}}
,"C:\\Users\\trevo\\Desktop\\agency\\packages\\ui\\src\\components\\section-header.tsx": {"path":"C:\\Users\\trevo\\Desktop\\agency\\packages\\ui\\src\\components\\section-header.tsx","statementMap":{"0":{"start":{"line":11,"column":2},"end":{"line":25,"column":null}}},"fnMap":{"0":{"name":"SectionHeader","decl":{"start":{"line":10,"column":16},"end":{"line":10,"column":30}},"loc":{"start":{"line":10,"column":103},"end":{"line":27,"column":null}},"line":10}},"branchMap":{"0":{"loc":{"start":{"line":10,"column":63},"end":{"line":10,"column":80}},"type":"default-arg","locations":[{"start":{"line":10,"column":71},"end":{"line":10,"column":80}}],"line":10},"1":{"loc":{"start":{"line":15,"column":8},"end":{"line":15,"column":null}},"type":"binary-expr","locations":[{"start":{"line":15,"column":8},"end":{"line":15,"column":30}},{"start":{"line":15,"column":30},"end":{"line":15,"column":null}}],"line":15},"2":{"loc":{"start":{"line":16,"column":8},"end":{"line":16,"column":null}},"type":"binary-expr","locations":[{"start":{"line":16,"column":8},"end":{"line":16,"column":28}},{"start":{"line":16,"column":28},"end":{"line":16,"column":null}}],"line":16},"3":{"loc":{"start":{"line":17,"column":8},"end":{"line":17,"column":null}},"type":"binary-expr","locations":[{"start":{"line":17,"column":8},"end":{"line":17,"column":29}},{"start":{"line":17,"column":29},"end":{"line":17,"column":null}}],"line":17},"4":{"loc":{"start":{"line":22,"column":7},"end":{"line":23,"column":null}},"type":"binary-expr","locations":[{"start":{"line":22,"column":7},"end":{"line":22,"column":null}},{"start":{"line":23,"column":8},"end":{"line":23,"column":null}}],"line":22}},"s":{"0":10},"f":{"0":10},"b":{"0":[10],"1":[10,8],"2":[10,1],"3":[10,1],"4":[10,2]},"meta":{"lastBranch":5,"lastFunction":1,"lastStatement":1,"seen":{"f:10:16:10:30":0,"b:10:71:10:80":0,"s:11:2:25:Infinity":0,"b:15:8:15:30:15:30:15:Infinity":1,"b:16:8:16:28:16:28:16:Infinity":2,"b:17:8:17:29:17:29:17:Infinity":3,"b:22:7:22:Infinity:23:8:23:Infinity":4}}}
,"C:\\Users\\trevo\\Desktop\\agency\\packages\\ui\\src\\components\\section.tsx": {"path":"C:\\Users\\trevo\\Desktop\\agency\\packages\\ui\\src\\components\\section.tsx","statementMap":{"0":{"start":{"line":11,"column":2},"end":{"line":21,"column":null}}},"fnMap":{"0":{"name":"Section","decl":{"start":{"line":10,"column":16},"end":{"line":10,"column":24}},"loc":{"start":{"line":10,"column":88},"end":{"line":23,"column":null}},"line":10}},"branchMap":{"0":{"loc":{"start":{"line":10,"column":51},"end":{"line":10,"column":71}},"type":"default-arg","locations":[{"start":{"line":10,"column":61},"end":{"line":10,"column":71}}],"line":10},"1":{"loc":{"start":{"line":16,"column":8},"end":{"line":16,"column":null}},"type":"binary-expr","locations":[{"start":{"line":16,"column":8},"end":{"line":16,"column":31}},{"start":{"line":16,"column":31},"end":{"line":16,"column":null}}],"line":16}},"s":{"0":8},"f":{"0":8},"b":{"0":[8],"1":[8,1]},"meta":{"lastBranch":2,"lastFunction":1,"lastStatement":1,"seen":{"f:10:16:10:24":0,"b:10:61:10:71":0,"s:11:2:21:Infinity":0,"b:16:8:16:31:16:31:16:Infinity":1}}}
,"C:\\Users\\trevo\\Desktop\\agency\\packages\\ui\\src\\components\\stat-card.tsx": {"path":"C:\\Users\\trevo\\Desktop\\agency\\packages\\ui\\src\\components\\stat-card.tsx","statementMap":{"0":{"start":{"line":10,"column":2},"end":{"line":14,"column":null}}},"fnMap":{"0":{"name":"StatCard","decl":{"start":{"line":9,"column":16},"end":{"line":9,"column":25}},"loc":{"start":{"line":9,"column":69},"end":{"line":16,"column":null}},"line":9}},"branchMap":{},"s":{"0":7},"f":{"0":7},"b":{},"meta":{"lastBranch":0,"lastFunction":1,"lastStatement":1,"seen":{"f:9:16:9:25":0,"s:10:2:14:Infinity":0}}}
,"C:\\Users\\trevo\\Desktop\\agency\\packages\\ui\\src\\components\\testimonial-card.tsx": {"path":"C:\\Users\\trevo\\Desktop\\agency\\packages\\ui\\src\\components\\testimonial-card.tsx","statementMap":{"0":{"start":{"line":12,"column":2},"end":{"line":22,"column":null}}},"fnMap":{"0":{"name":"TestimonialCard","decl":{"start":{"line":11,"column":16},"end":{"line":11,"column":32}},"loc":{"start":{"line":11,"column":99},"end":{"line":24,"column":null}},"line":11}},"branchMap":{"0":{"loc":{"start":{"line":19,"column":11},"end":{"line":19,"column":null}},"type":"binary-expr","locations":[{"start":{"line":19,"column":11},"end":{"line":19,"column":22}},{"start":{"line":19,"column":22},"end":{"line":19,"column":null}}],"line":19}},"s":{"0":8},"f":{"0":8},"b":{"0":[8,1]},"meta":{"lastBranch":1,"lastFunction":1,"lastStatement":1,"seen":{"f:11:16:11:32":0,"s:12:2:22:Infinity":0,"b:19:11:19:22:19:22:19:Infinity":0}}}
}
