TN:
SF:src\utils.ts
FN:4,cn
FNF:1
FNH:1
FNDA:66,cn
DA:5,66
LF:1
LH:1
BRF:0
BRH:0
end_of_record
TN:
SF:src\components\container.tsx
FN:9,Container
FNF:1
FNH:1
FNDA:7,Container
DA:10,7
DA:17,7
LF:2
LH:2
BRDA:9,0,0,7
BRF:1
BRH:1
end_of_record
TN:
SF:src\components\feature-card.tsx
FN:11,FeatureCard
FNF:1
FNH:1
FNDA:7,FeatureCard
DA:12,7
LF:1
LH:1
BRF:0
BRH:0
end_of_record
TN:
SF:src\components\portfolio-card.tsx
FN:13,PortfolioCard
FNF:1
FNH:1
FNDA:8,PortfolioCard
DA:14,8
LF:1
LH:1
BRDA:22,0,0,8
BRDA:22,0,1,2
BRDA:24,1,0,1
BRDA:24,1,1,1
BRF:4
BRH:4
end_of_record
TN:
SF:src\components\section-header.tsx
FN:10,SectionHeader
FNF:1
FNH:1
FNDA:10,SectionHeader
DA:11,10
LF:1
LH:1
BRDA:10,0,0,10
BRDA:15,1,0,10
BRDA:15,1,1,8
BRDA:16,2,0,10
BRDA:16,2,1,1
BRDA:17,3,0,10
BRDA:17,3,1,1
BRDA:22,4,0,10
BRDA:22,4,1,2
BRF:9
BRH:9
end_of_record
TN:
SF:src\components\section.tsx
FN:10,Section
FNF:1
FNH:1
FNDA:8,Section
DA:11,8
LF:1
LH:1
BRDA:10,0,0,8
BRDA:16,1,0,8
BRDA:16,1,1,1
BRF:3
BRH:3
end_of_record
TN:
SF:src\components\stat-card.tsx
FN:9,StatCard
FNF:1
FNH:1
FNDA:7,StatCard
DA:10,7
LF:1
LH:1
BRF:0
BRH:0
end_of_record
TN:
SF:src\components\testimonial-card.tsx
FN:11,TestimonialCard
FNF:1
FNH:1
FNDA:8,TestimonialCard
DA:12,8
LF:1
LH:1
BRDA:19,0,0,8
BRDA:19,0,1,1
BRF:2
BRH:2
end_of_record
